[2026-07-03T02:34:09.728Z] [AUDIT] --------------------------------------------------
[2026-07-03T02:34:09.730Z] [AUDIT] 📧 [CORREO ELECTRÓNICO SIMULADO]
[2026-07-03T02:34:09.730Z] [AUDIT] Destinatario: samurelbanguero@gmail.com
[2026-07-03T02:34:09.731Z] [AUDIT] Asunto:       Nuevo código de verificación — Emowave 🌿
[2026-07-03T02:34:09.732Z] [AUDIT] Contenido:    Hola samurelbanguero,

Tu nuevo código de verificación es: 838806

Este código expira en 10 minutos.
[2026-07-03T02:34:09.732Z] [AUDIT] --------------------------------------------------
[2026-07-03T02:35:00.564Z] [AUDIT] --------------------------------------------------
[2026-07-03T02:35:00.565Z] [AUDIT] 📧 [CORREO ELECTRÓNICO SIMULADO]
[2026-07-03T02:35:00.567Z] [AUDIT] Destinatario: samurelbanguero@gmail.com
[2026-07-03T02:35:00.569Z] [AUDIT] Asunto:       Restablecer contraseña — Emowave 🌿
[2026-07-03T02:35:00.569Z] [AUDIT] Contenido:    Hola samurelbanguero,

Para restablecer tu contraseña, abre el siguiente enlace en tu navegador:

http://localhost:2121/reset-password?token=b80e9ad0079052f501bed24ce60b74b2cc9df1d6223f1607b46b52a58d594e38&email=samurelbanguero%40gmail.com

Este enlace expira en 15 minutos. Si no solicitaste esto, ignora este correo.
[2026-07-03T02:35:00.570Z] [AUDIT] --------------------------------------------------
[2026-07-03T02:50:46.842Z] [AUDIT] --------------------------------------------------
[2026-07-03T02:50:46.844Z] [AUDIT] 📧 [CORREO ELECTRÓNICO SIMULADO]
[2026-07-03T02:50:46.845Z] [AUDIT] Destinatario: samurelbanguero@gmail.com
[2026-07-03T02:50:46.845Z] [AUDIT] Asunto:       Nuevo código de verificación — Emowave 🌿
[2026-07-03T02:50:46.846Z] [AUDIT] Contenido:    Hola samurelbanguero,

Tu nuevo código de verificación es: 697368

Este código expira en 10 minutos.
[2026-07-03T02:50:46.846Z] [AUDIT] --------------------------------------------------
[2026-07-03T02:55:23.155Z] [AUDIT] --------------------------------------------------
[2026-07-03T02:55:23.155Z] [AUDIT] 📧 [CORREO ELECTRÓNICO SIMULADO]
[2026-07-03T02:55:23.156Z] [AUDIT] Destinatario: samurelbanguero@gmail.com
[2026-07-03T02:55:23.156Z] [AUDIT] Asunto:       Nuevo código de verificación — Emowave 🌿
[2026-07-03T02:55:23.156Z] [AUDIT] Contenido:    Hola samurelbanguero,

Tu nuevo código de verificación es: 995103

Este código expira en 10 minutos.
[2026-07-03T02:55:23.157Z] [AUDIT] --------------------------------------------------
